Watching for file changes with StatReloader
Performing system checks...

System check identified some issues:

WARNINGS:
gmarket.GMarket.create_at: (fields.W161) Fixed default value provided.
	HINT: It seems you set a fixed date / time / datetime value as default for this field. This may not be what you want. If you want to have the current date as default, use `django.utils.timezone.now`

System check identified 1 issue (0 silenced).
July 13, 2021 - 21:31:58
Django version 3.2.5, using settings 'web.settings'
Starting development server at http://0.0.0.0:8000/
Quit the server with CONTROL-C.
[13/Jul/2021 21:32:25] "GET /admin/gmarket/gmarket/ HTTP/1.1" 200 10611
[13/Jul/2021 21:32:25] "GET /static/admin/css/nav_sidebar.css HTTP/1.1" 304 0
[13/Jul/2021 21:32:25] "GET /static/admin/css/base.css HTTP/1.1" 304 0
[13/Jul/2021 21:32:25] "GET /static/admin/css/responsive.css HTTP/1.1" 304 0
[13/Jul/2021 21:32:25] "GET /static/admin/css/changelists.css HTTP/1.1" 304 0
[13/Jul/2021 21:32:25] "GET /admin/jsi18n/ HTTP/1.1" 200 8330
[13/Jul/2021 21:32:25] "GET /static/admin/js/vendor/jquery/jquery.js HTTP/1.1" 304 0
[13/Jul/2021 21:32:25] "GET /static/admin/js/jquery.init.js HTTP/1.1" 304 0
[13/Jul/2021 21:32:25] "GET /static/admin/js/admin/RelatedObjectLookups.js HTTP/1.1" 304 0
[13/Jul/2021 21:32:25] "GET /static/admin/js/core.js HTTP/1.1" 304 0
[13/Jul/2021 21:32:25] "GET /static/admin/js/actions.js HTTP/1.1" 304 0
[13/Jul/2021 21:32:25] "GET /static/admin/js/urlify.js HTTP/1.1" 304 0
[13/Jul/2021 21:32:25] "GET /static/admin/css/fonts.css HTTP/1.1" 304 0
[13/Jul/2021 21:32:25] "GET /static/admin/js/prepopulate.js HTTP/1.1" 304 0
[13/Jul/2021 21:32:25] "GET /static/admin/js/vendor/xregexp/xregexp.js HTTP/1.1" 304 0
[13/Jul/2021 21:32:25] "GET /static/admin/js/nav_sidebar.js HTTP/1.1" 304 0
[13/Jul/2021 21:32:25] "GET /static/admin/img/icon-addlink.svg HTTP/1.1" 304 0
[13/Jul/2021 21:32:25] "GET /static/admin/fonts/Roboto-Bold-webfont.woff HTTP/1.1" 304 0
[13/Jul/2021 21:32:25] "GET /static/admin/fonts/Roboto-Regular-webfont.woff HTTP/1.1" 304 0
[13/Jul/2021 21:32:25] "GET /static/admin/fonts/Roboto-Light-webfont.woff HTTP/1.1" 304 0
[13/Jul/2021 21:32:25] "GET /static/admin/img/tooltag-add.svg HTTP/1.1" 304 0
[13/Jul/2021 21:32:26] "GET /admin/ HTTP/1.1" 200 7363
[13/Jul/2021 21:32:26] "GET /static/admin/css/dashboard.css HTTP/1.1" 304 0
[13/Jul/2021 21:32:26] "GET /static/admin/img/icon-changelink.svg HTTP/1.1" 304 0
[13/Jul/2021 21:32:26] "GET /static/admin/img/icon-deletelink.svg HTTP/1.1" 304 0
[13/Jul/2021 21:37:02] "GET /api HTTP/1.1" 301 0
[13/Jul/2021 21:37:02] "GET /api/ HTTP/1.1" 200 5335
[13/Jul/2021 21:37:02] "GET /static/rest_framework/css/bootstrap-tweaks.css HTTP/1.1" 200 3385
[13/Jul/2021 21:37:02] "GET /static/rest_framework/css/prettify.css HTTP/1.1" 200 817
[13/Jul/2021 21:37:02] "GET /static/rest_framework/css/default.css HTTP/1.1" 200 1152
[13/Jul/2021 21:37:02] "GET /static/rest_framework/js/jquery-3.5.1.min.js HTTP/1.1" 200 89476
[13/Jul/2021 21:37:02] "GET /static/rest_framework/js/ajax-form.js HTTP/1.1" 200 3597
[13/Jul/2021 21:37:02] "GET /static/rest_framework/css/bootstrap.min.css HTTP/1.1" 200 121457
[13/Jul/2021 21:37:02] "GET /static/rest_framework/js/csrf.js HTTP/1.1" 200 1719
[13/Jul/2021 21:37:02] "GET /static/rest_framework/js/default.js HTTP/1.1" 200 1268
[13/Jul/2021 21:37:02] "GET /static/rest_framework/js/bootstrap.min.js HTTP/1.1" 200 39680
[13/Jul/2021 21:37:02] "GET /static/rest_framework/js/prettify-min.js HTTP/1.1" 200 13632
[13/Jul/2021 21:37:02] "GET /static/rest_framework/img/grid.png HTTP/1.1" 200 1458
[13/Jul/2021 21:37:03] "GET /api/items/ HTTP/1.1" 200 17638
[14/Jul/2021 00:35:11] code 400, message Bad request version ('\x8a\x8a\x13\x01\x13\x02\x13\x03À+À/À,À0Ì©Ì¨À\x13À\x14\x00\x9c\x00\x9d\x00/\x005\x01\x00\x01\x93zz\x00\x00\x00\x17\x00\x00ÿ\x01\x00\x01\x00\x00')
[14/Jul/2021 00:35:11] You're accessing the development server over HTTPS, but it only supports HTTP.

[14/Jul/2021 00:35:11] code 400, message Bad request version ('/\x00"ZZ\x13\x01\x13\x02\x13\x03À+À/À,À0Ì©Ì¨À\x13À\x14\x00\x9c\x00\x9d\x00/\x005\x00')
[14/Jul/2021 00:35:11] You're accessing the development server over HTTPS, but it only supports HTTP.

[14/Jul/2021 00:37:43] "GET /api/items/ HTTP/1.1" 200 3371
[14/Jul/2021 00:37:50] code 400, message Bad HTTP/0.9 request type ('\x16\x03\x03\x00\x99\x01\x00\x00\x95\x03\x03`í³ÀF\x8ed\x95y\x04ï\x04»ô¦ò\\Á#¥ujTCET')
[14/Jul/2021 00:37:50] You're accessing the development server over HTTPS, but it only supports HTTP.

[14/Jul/2021 00:39:55] "GET /api/items/ HTTP/1.1" 200 3371
[14/Jul/2021 00:41:09] "GET /api/items/ HTTP/1.1" 200 3371
[14/Jul/2021 00:49:02] "GET /api/items/ HTTP/1.1" 200 17638
[14/Jul/2021 00:49:02] "GET /static/rest_framework/css/bootstrap.min.css HTTP/1.1" 200 121457
[14/Jul/2021 00:49:02] "GET /static/rest_framework/css/bootstrap-tweaks.css HTTP/1.1" 200 3385
[14/Jul/2021 00:49:02] "GET /static/rest_framework/css/prettify.css HTTP/1.1" 200 817
[14/Jul/2021 00:49:02] "GET /static/rest_framework/css/default.css HTTP/1.1" 200 1152
[14/Jul/2021 00:49:02] "GET /static/rest_framework/js/csrf.js HTTP/1.1" 200 1719
[14/Jul/2021 00:49:02] "GET /static/rest_framework/js/jquery-3.5.1.min.js HTTP/1.1" 200 89476
[14/Jul/2021 00:49:02] "GET /static/rest_framework/js/ajax-form.js HTTP/1.1" 200 3597
[14/Jul/2021 00:49:02] "GET /static/rest_framework/js/bootstrap.min.js HTTP/1.1" 200 39680
[14/Jul/2021 00:49:02] "GET /static/rest_framework/js/prettify-min.js HTTP/1.1" 200 13632
[14/Jul/2021 00:49:02] "GET /static/rest_framework/js/default.js HTTP/1.1" 200 1268
[14/Jul/2021 00:49:02] "GET /static/rest_framework/img/grid.png HTTP/1.1" 200 1458
[14/Jul/2021 00:50:00] "GET /api/items/ HTTP/1.1" 200 3371
[14/Jul/2021 00:50:29] "GET /api/items/ HTTP/1.1" 200 3371
[14/Jul/2021 03:40:29] "GET / HTTP/1.1" 200 6250
[14/Jul/2021 05:08:21,993] - Broken pipe from ('74.120.14.54', 50374)

[14/Jul/2021 05:08:23] "GET / HTTP/1.1" 200 6250
[14/Jul/2021 05:08:23,308] - Broken pipe from ('74.120.14.54', 49826)

[14/Jul/2021 05:08:23] "GET / HTTP/1.1" 200 6250
[14/Jul/2021 05:49:01,986] - Broken pipe from ('162.142.125.56', 37646)

[14/Jul/2021 05:49:03] "GET / HTTP/1.1" 200 6250
[14/Jul/2021 05:49:03,332] - Broken pipe from ('162.142.125.56', 39178)

[14/Jul/2021 05:49:03] "GET / HTTP/1.1" 200 6250
Invalid HTTP_HOST header: '1905566991'. You may need to add '1905566991' to ALLOWED_HOSTS.
Bad Request: /console/login/LoginForm.jsp
[14/Jul/2021 06:48:38] "GET /console/login/LoginForm.jsp HTTP/1.1" 400 62246
[14/Jul/2021 07:56:46] "GET /api/items/ HTTP/1.1" 200 3371
[14/Jul/2021 08:07:52] "GET /api/items/ HTTP/1.1" 200 17638
[14/Jul/2021 08:07:52] "GET /static/rest_framework/css/bootstrap.min.css HTTP/1.1" 304 0
[14/Jul/2021 08:07:52] "GET /static/rest_framework/css/bootstrap-tweaks.css HTTP/1.1" 304 0
[14/Jul/2021 08:07:52] "GET /static/rest_framework/css/prettify.css HTTP/1.1" 304 0
[14/Jul/2021 08:07:52] "GET /static/rest_framework/css/default.css HTTP/1.1" 304 0
[14/Jul/2021 08:07:52] "GET /static/rest_framework/js/jquery-3.5.1.min.js HTTP/1.1" 304 0
[14/Jul/2021 08:07:52] "GET /static/rest_framework/js/ajax-form.js HTTP/1.1" 304 0
[14/Jul/2021 08:07:52] "GET /static/rest_framework/js/csrf.js HTTP/1.1" 304 0
[14/Jul/2021 08:07:52] "GET /static/rest_framework/js/bootstrap.min.js HTTP/1.1" 304 0
[14/Jul/2021 08:07:52] "GET /static/rest_framework/js/prettify-min.js HTTP/1.1" 304 0
[14/Jul/2021 08:07:52] "GET /static/rest_framework/js/default.js HTTP/1.1" 304 0
[14/Jul/2021 08:07:52] "GET /static/rest_framework/img/grid.png HTTP/1.1" 304 0
[14/Jul/2021 08:48:21] "GET /api/items/ HTTP/1.1" 200 17638
[14/Jul/2021 08:48:21] "GET /static/rest_framework/css/bootstrap-tweaks.css HTTP/1.1" 200 3385
[14/Jul/2021 08:48:21] "GET /static/rest_framework/js/jquery-3.5.1.min.js HTTP/1.1" 304 0
[14/Jul/2021 08:48:21] "GET /static/rest_framework/css/bootstrap.min.css HTTP/1.1" 200 121457
[14/Jul/2021 08:48:21] "GET /static/rest_framework/css/default.css HTTP/1.1" 200 1152
[14/Jul/2021 08:48:21] "GET /static/rest_framework/css/prettify.css HTTP/1.1" 200 817
[14/Jul/2021 08:48:21] "GET /static/rest_framework/js/ajax-form.js HTTP/1.1" 304 0
[14/Jul/2021 08:48:21] "GET /static/rest_framework/js/csrf.js HTTP/1.1" 304 0
[14/Jul/2021 08:48:21] "GET /static/rest_framework/js/bootstrap.min.js HTTP/1.1" 304 0
[14/Jul/2021 08:48:21] "GET /static/rest_framework/js/prettify-min.js HTTP/1.1" 304 0
[14/Jul/2021 08:48:21] "GET /static/rest_framework/js/default.js HTTP/1.1" 304 0
[14/Jul/2021 08:48:21] "GET /static/rest_framework/img/grid.png HTTP/1.1" 304 0
[14/Jul/2021 08:48:24] "GET / HTTP/1.1" 200 6250
Invalid HTTP_HOST header: 'ip.bablosoft.com:80'. You may need to add 'ip.bablosoft.com' to ALLOWED_HOSTS.
Bad Request: /142.93.136.142:80
[14/Jul/2021 09:14:41] code 400, message Bad request syntax ('\x04\x01\x00P\x8e]\x88\x8e0\x00')
[14/Jul/2021 09:14:41] " P]0 " 400 -
[14/Jul/2021 09:14:41,718] - Broken pipe from ('109.234.153.133', 31615)

Invalid HTTP_HOST header: 'ip.bablosoft.com'. You may need to add 'ip.bablosoft.com' to ALLOWED_HOSTS.
Bad Request: /http:/ip.bablosoft.com/
[14/Jul/2021 09:14:46] code 400, message Bad request syntax ('\x05\x01\x00')
[14/Jul/2021 09:14:46] " " 400 -
[14/Jul/2021 09:14:46,734] - Broken pipe from ('109.234.153.134', 53875)

[14/Jul/2021 09:15:33] "GET /api/items/ HTTP/1.1" 200 17638
[14/Jul/2021 09:15:33] "GET /static/rest_framework/js/jquery-3.5.1.min.js HTTP/1.1" 304 0
[14/Jul/2021 09:15:33] "GET /static/rest_framework/js/ajax-form.js HTTP/1.1" 304 0
[14/Jul/2021 09:15:33] "GET /static/rest_framework/js/prettify-min.js HTTP/1.1" 304 0
[14/Jul/2021 09:15:33] "GET /static/rest_framework/js/bootstrap.min.js HTTP/1.1" 304 0
[14/Jul/2021 09:15:33] "GET /static/rest_framework/js/csrf.js HTTP/1.1" 304 0
[14/Jul/2021 09:15:33] "GET /static/rest_framework/js/default.js HTTP/1.1" 304 0
[14/Jul/2021 09:15:33] "GET /static/rest_framework/img/grid.png HTTP/1.1" 304 0
[14/Jul/2021 09:15:37] "GET / HTTP/1.1" 200 6250
[14/Jul/2021 09:43:11] "GET /api HTTP/1.1" 301 0
[14/Jul/2021 09:43:11] "GET /api HTTP/1.1" 301 0
[14/Jul/2021 09:43:11] "GET /api/ HTTP/1.1" 200 49
[14/Jul/2021 09:43:11] "GET /api/ HTTP/1.1" 200 49
[14/Jul/2021 09:43:13] "GET /api HTTP/1.1" 301 0
[14/Jul/2021 09:43:13] "GET /api/ HTTP/1.1" 200 5301
[14/Jul/2021 09:43:13] "GET /static/rest_framework/css/bootstrap-tweaks.css HTTP/1.1" 200 3385
[14/Jul/2021 09:43:13] "GET /static/rest_framework/css/bootstrap.min.css HTTP/1.1" 200 121457
[14/Jul/2021 09:43:13] "GET /static/rest_framework/css/prettify.css HTTP/1.1" 200 817
[14/Jul/2021 09:43:13] "GET /static/rest_framework/css/default.css HTTP/1.1" 200 1152
[14/Jul/2021 09:43:13] "GET /static/rest_framework/js/ajax-form.js HTTP/1.1" 200 3597
[14/Jul/2021 09:43:13] "GET /static/rest_framework/js/jquery-3.5.1.min.js HTTP/1.1" 200 89476
[14/Jul/2021 09:43:13] "GET /static/rest_framework/js/csrf.js HTTP/1.1" 200 1719
[14/Jul/2021 09:43:13] "GET /static/rest_framework/js/bootstrap.min.js HTTP/1.1" 200 39680
[14/Jul/2021 09:43:13] "GET /static/rest_framework/js/prettify-min.js HTTP/1.1" 200 13632
[14/Jul/2021 09:43:13] "GET /static/rest_framework/js/default.js HTTP/1.1" 200 1268
[14/Jul/2021 09:43:13] "GET /static/rest_framework/img/grid.png HTTP/1.1" 200 1458
Not Found: /favicon.ico
[14/Jul/2021 09:43:14] "GET /favicon.ico HTTP/1.1" 404 2316
[14/Jul/2021 09:43:15] "GET /api/items/ HTTP/1.1" 200 17604
[14/Jul/2021 09:44:23] "GET /api/items/ HTTP/1.1" 200 3371
[14/Jul/2021 09:46:38] "GET /api/items/ HTTP/1.1" 200 3371
[14/Jul/2021 09:46:42] "GET /api/items/ HTTP/1.1" 200 3371
[14/Jul/2021 09:48:30] "GET /api/items/ HTTP/1.1" 200 3371
[14/Jul/2021 09:48:34] "GET /api/items/ HTTP/1.1" 200 3371
[14/Jul/2021 09:50:40,311] - Broken pipe from ('162.142.125.53', 57736)

[14/Jul/2021 09:50:41] "GET / HTTP/1.1" 200 6250
[14/Jul/2021 09:50:41,626] - Broken pipe from ('162.142.125.53', 58272)

[14/Jul/2021 09:50:41] "GET / HTTP/1.1" 200 6250
[14/Jul/2021 09:55:49] "GET /api/items/ HTTP/1.1" 200 4665
[14/Jul/2021 09:56:47] "GET /api/items/ HTTP/1.1" 200 4665
[14/Jul/2021 10:03:50] "GET /api/items/ HTTP/1.1" 200 4665
[14/Jul/2021 10:05:55] "GET /api/items/ HTTP/1.1" 200 4665
[14/Jul/2021 10:07:35] "GET /api/items/ HTTP/1.1" 200 4665
[14/Jul/2021 10:09:22] "GET /api/items/ HTTP/1.1" 200 4665
[14/Jul/2021 10:14:35] "GET /api/items/ HTTP/1.1" 200 4981
[14/Jul/2021 10:22:38] "GET /api/items/ HTTP/1.1" 200 6592
[14/Jul/2021 10:26:30] "GET /api/items/ HTTP/1.1" 200 6592
[14/Jul/2021 10:36:43] "GET /api/items/ HTTP/1.1" 200 6592
[14/Jul/2021 10:39:31] "GET /api/items/ HTTP/1.1" 200 6592
[14/Jul/2021 10:40:43] "GET /api/items/ HTTP/1.1" 200 6592
[14/Jul/2021 10:41:43] "GET /api/items/ HTTP/1.1" 200 6592
[14/Jul/2021 10:41:53] "GET /api/items/ HTTP/1.1" 200 6592
[14/Jul/2021 10:42:00] "GET /api/items/ HTTP/1.1" 200 6592
[14/Jul/2021 10:42:07] "GET /api/items/ HTTP/1.1" 200 6592
[14/Jul/2021 10:42:10] "GET /api/items/ HTTP/1.1" 200 6592
[14/Jul/2021 10:42:11] "GET /api/items/ HTTP/1.1" 200 6592
[14/Jul/2021 10:42:17] "GET /api/items/ HTTP/1.1" 200 6592
[14/Jul/2021 10:42:55] "GET /api/items/ HTTP/1.1" 200 6592
[14/Jul/2021 10:46:08] "GET /api/items/ HTTP/1.1" 200 6592
[14/Jul/2021 10:51:20] "GET /api/items/' HTTP/1.1" 301 0
Not Found: /api/items/'/
[14/Jul/2021 10:51:21] "GET /api/items/'/ HTTP/1.1" 404 37
[14/Jul/2021 10:51:23] "GET /api/items/' HTTP/1.1" 301 0
Not Found: /api/items/'/
[14/Jul/2021 10:51:23] "GET /api/items/'/ HTTP/1.1" 404 37
[14/Jul/2021 10:54:59] "GET /api/items/ HTTP/1.1" 200 6592
[14/Jul/2021 10:55:05] "GET /api/items/ HTTP/1.1" 200 6592
[14/Jul/2021 10:55:14] "GET /api/items/ HTTP/1.1" 200 6592
[14/Jul/2021 10:55:29] "GET /api/items/ HTTP/1.1" 200 6592
[14/Jul/2021 10:55:35] "GET /api/items/ HTTP/1.1" 200 6592
[14/Jul/2021 10:55:51] "GET /api/items/ HTTP/1.1" 200 6592
[14/Jul/2021 10:55:58] "GET /api/items/ HTTP/1.1" 200 6592
[14/Jul/2021 11:02:59] "GET /api/items/ HTTP/1.1" 200 6592
[14/Jul/2021 11:03:28] "GET /api/ HTTP/1.1" 200 49
Not Found: /api/items/'/
[14/Jul/2021 11:03:29] "GET /api/items/'/ HTTP/1.1" 404 37
[14/Jul/2021 11:03:29] "GET /api/items/' HTTP/1.1" 301 0
Not Found: /api/items/'/
[14/Jul/2021 11:03:29] "GET /api/items/'/ HTTP/1.1" 404 37
[14/Jul/2021 11:03:58] "GET /api/items/ HTTP/1.1" 200 6592
[14/Jul/2021 11:04:04] "GET /api/items/ HTTP/1.1" 200 6592
[14/Jul/2021 11:11:11] "GET /api/items/ HTTP/1.1" 200 6592
[14/Jul/2021 11:11:31] "GET /api/items/ HTTP/1.1" 200 6592
[14/Jul/2021 11:11:34] "GET /api/items/ HTTP/1.1" 200 6592
[14/Jul/2021 11:16:09] "GET /api/items/ HTTP/1.1" 200 6592
[14/Jul/2021 11:16:11] "GET /api/items/ HTTP/1.1" 200 6592
[14/Jul/2021 11:16:24] "GET / HTTP/1.1" 200 11341
[14/Jul/2021 11:16:25] "GET / HTTP/1.1" 200 11341
[14/Jul/2021 12:12:30] code 400, message Bad request syntax ('\x16\x03\x01\x00\x8c\x01\x00\x00\x88\x03\x03p·/^||Ó|\x88\x1a<~ã®Æ\x0e')
[14/Jul/2021 12:12:30] You're accessing the development server over HTTPS, but it only supports HTTP.

[14/Jul/2021 12:25:00,721] - Broken pipe from ('167.248.133.38', 38696)

[14/Jul/2021 12:25:01] "GET / HTTP/1.1" 200 11341
[14/Jul/2021 12:25:02,034] - Broken pipe from ('167.248.133.38', 34648)

[14/Jul/2021 12:25:02] "GET / HTTP/1.1" 200 11341
/home/ubuntu/GMARKET/web/gmarket/views.py changed, reloading.
Watching for file changes with StatReloader
Performing system checks...

System check identified some issues:

WARNINGS:
gmarket.GMarket.create_at: (fields.W161) Fixed default value provided.
	HINT: It seems you set a fixed date / time / datetime value as default for this field. This may not be what you want. If you want to have the current date as default, use `django.utils.timezone.now`

System check identified 1 issue (0 silenced).
July 14, 2021 - 13:20:38
Django version 3.2.5, using settings 'web.settings'
Starting development server at http://0.0.0.0:8000/
Quit the server with CONTROL-C.
/home/ubuntu/GMARKET/web/gmarket/models.py changed, reloading.
Watching for file changes with StatReloader
Performing system checks...

System check identified some issues:

WARNINGS:
gmarket.GMarket.create_at: (fields.W161) Fixed default value provided.
	HINT: It seems you set a fixed date / time / datetime value as default for this field. This may not be what you want. If you want to have the current date as default, use `django.utils.timezone.now`

System check identified 1 issue (0 silenced).
July 14, 2021 - 13:22:26
Django version 3.2.5, using settings 'web.settings'
Starting development server at http://0.0.0.0:8000/
Quit the server with CONTROL-C.
/home/ubuntu/GMARKET/web/web/urls.py changed, reloading.
Watching for file changes with StatReloader
Performing system checks...

System check identified some issues:

WARNINGS:
gmarket.GMarket.create_at: (fields.W161) Fixed default value provided.
	HINT: It seems you set a fixed date / time / datetime value as default for this field. This may not be what you want. If you want to have the current date as default, use `django.utils.timezone.now`

System check identified 1 issue (0 silenced).
July 14, 2021 - 13:25:10
Django version 3.2.5, using settings 'web.settings'
Starting development server at http://0.0.0.0:8000/
Quit the server with CONTROL-C.
/home/ubuntu/GMARKET/web/web/settings.py changed, reloading.
Watching for file changes with StatReloader
Performing system checks...

System check identified some issues:

WARNINGS:
gmarket.GMarket.create_at: (fields.W161) Fixed default value provided.
	HINT: It seems you set a fixed date / time / datetime value as default for this field. This may not be what you want. If you want to have the current date as default, use `django.utils.timezone.now`

System check identified 1 issue (0 silenced).
July 14, 2021 - 13:25:57
Django version 3.2.5, using settings 'web.settings'
Starting development server at http://0.0.0.0:8000/
Quit the server with CONTROL-C.
[14/Jul/2021 13:27:33] "GET /api HTTP/1.1" 301 0
[14/Jul/2021 13:27:33] "GET /api/ HTTP/1.1" 200 5335
[14/Jul/2021 13:27:33] "GET /static/rest_framework/css/bootstrap.min.css HTTP/1.1" 304 0
[14/Jul/2021 13:27:33] "GET /static/rest_framework/css/bootstrap-tweaks.css HTTP/1.1" 304 0
[14/Jul/2021 13:27:33] "GET /static/rest_framework/css/prettify.css HTTP/1.1" 304 0
[14/Jul/2021 13:27:33] "GET /static/rest_framework/css/default.css HTTP/1.1" 304 0
[14/Jul/2021 13:27:33] "GET /static/rest_framework/js/jquery-3.5.1.min.js HTTP/1.1" 200 89476
[14/Jul/2021 13:27:33] "GET /static/rest_framework/js/ajax-form.js HTTP/1.1" 200 3597
[14/Jul/2021 13:27:33] "GET /static/rest_framework/js/csrf.js HTTP/1.1" 200 1719
[14/Jul/2021 13:27:33] "GET /static/rest_framework/js/bootstrap.min.js HTTP/1.1" 200 39680
[14/Jul/2021 13:27:33] "GET /static/rest_framework/js/prettify-min.js HTTP/1.1" 200 13632
[14/Jul/2021 13:27:33] "GET /static/rest_framework/js/default.js HTTP/1.1" 200 1268
[14/Jul/2021 13:27:33] "GET /static/rest_framework/img/grid.png HTTP/1.1" 200 1458
Internal Server Error: /
Traceback (most recent call last):
  File "/home/ubuntu/.local/lib/python3.8/site-packages/django/db/backends/utils.py", line 84, in _execute
    return self.cursor.execute(sql, params)
  File "/home/ubuntu/.local/lib/python3.8/site-packages/django/db/backends/sqlite3/base.py", line 423, in execute
    return Database.Cursor.execute(self, query, params)
sqlite3.OperationalError: no such table: gmarket

The above exception was the direct cause of the following exception:

Traceback (most recent call last):
  File "/home/ubuntu/.local/lib/python3.8/site-packages/django/core/handlers/exception.py", line 47, in inner
    response = get_response(request)
  File "/home/ubuntu/.local/lib/python3.8/site-packages/django/core/handlers/base.py", line 181, in _get_response
    response = wrapped_callback(request, *callback_args, **callback_kwargs)
  File "/home/ubuntu/GMARKET/web/gmarket/views.py", line 14, in index
    return render(requets, "index.html", {"items": itemlist})
  File "/home/ubuntu/.local/lib/python3.8/site-packages/django/shortcuts.py", line 19, in render
    content = loader.render_to_string(template_name, context, request, using=using)
  File "/home/ubuntu/.local/lib/python3.8/site-packages/django/template/loader.py", line 62, in render_to_string
    return template.render(context, request)
  File "/home/ubuntu/.local/lib/python3.8/site-packages/django/template/backends/django.py", line 61, in render
    return self.template.render(context)
  File "/home/ubuntu/.local/lib/python3.8/site-packages/django/template/base.py", line 170, in render
    return self._render(context)
  File "/home/ubuntu/.local/lib/python3.8/site-packages/django/template/base.py", line 162, in _render
    return self.nodelist.render(context)
  File "/home/ubuntu/.local/lib/python3.8/site-packages/django/template/base.py", line 938, in render
    bit = node.render_annotated(context)
  File "/home/ubuntu/.local/lib/python3.8/site-packages/django/template/base.py", line 905, in render_annotated
    return self.render(context)
  File "/home/ubuntu/.local/lib/python3.8/site-packages/django/template/defaulttags.py", line 168, in render
    len_values = len(values)
  File "/home/ubuntu/.local/lib/python3.8/site-packages/django/db/models/query.py", line 262, in __len__
    self._fetch_all()
  File "/home/ubuntu/.local/lib/python3.8/site-packages/django/db/models/query.py", line 1324, in _fetch_all
    self._result_cache = list(self._iterable_class(self))
  File "/home/ubuntu/.local/lib/python3.8/site-packages/django/db/models/query.py", line 51, in __iter__
    results = compiler.execute_sql(chunked_fetch=self.chunked_fetch, chunk_size=self.chunk_size)
  File "/home/ubuntu/.local/lib/python3.8/site-packages/django/db/models/sql/compiler.py", line 1175, in execute_sql
    cursor.execute(sql, params)
  File "/home/ubuntu/.local/lib/python3.8/site-packages/django/db/backends/utils.py", line 98, in execute
    return super().execute(sql, params)
  File "/home/ubuntu/.local/lib/python3.8/site-packages/django/db/backends/utils.py", line 66, in execute
    return self._execute_with_wrappers(sql, params, many=False, executor=self._execute)
  File "/home/ubuntu/.local/lib/python3.8/site-packages/django/db/backends/utils.py", line 75, in _execute_with_wrappers
    return executor(sql, params, many, context)
  File "/home/ubuntu/.local/lib/python3.8/site-packages/django/db/backends/utils.py", line 84, in _execute
    return self.cursor.execute(sql, params)
  File "/home/ubuntu/.local/lib/python3.8/site-packages/django/db/utils.py", line 90, in __exit__
    raise dj_exc_value.with_traceback(traceback) from exc_value
  File "/home/ubuntu/.local/lib/python3.8/site-packages/django/db/backends/utils.py", line 84, in _execute
    return self.cursor.execute(sql, params)
  File "/home/ubuntu/.local/lib/python3.8/site-packages/django/db/backends/sqlite3/base.py", line 423, in execute
    return Database.Cursor.execute(self, query, params)
django.db.utils.OperationalError: no such table: gmarket
[14/Jul/2021 13:27:39] "GET / HTTP/1.1" 500 161151
[14/Jul/2021 13:29:06] "GET / HTTP/1.1" 200 11704
[14/Jul/2021 13:29:10] "GET /export HTTP/1.1" 301 0
[14/Jul/2021 13:29:10] "GET /export/ HTTP/1.1" 200 9728
[14/Jul/2021 13:42:28] "GET /export HTTP/1.1" 301 0
[14/Jul/2021 13:42:28] "GET /export/ HTTP/1.1" 200 9728
[14/Jul/2021 13:42:44] "GET /export/ HTTP/1.1" 200 9728
[14/Jul/2021 13:49:49] "GET / HTTP/1.1" 200 11704
[14/Jul/2021 13:51:35] code 400, message Bad request version ('cof\x91À\x80sJ5Ò\x80æ\x9a~¹Ç\x83^\x96îN\x16\x96\x96&æ\x03ê¼\x81\x02=¬\x10ú?7\x03Ãß÷ä\x98`pæ\x8dÁ©\x8dÆ\x06Û¯\x91ç\x82s÷\x14HÔáW\x9a\x93C\x9e]¤\x01#\x03#\x03]\x03c]CC\x05C\x03+S\x03bô\x00\x00/\x9e\x16E')
[14/Jul/2021 13:51:35] "    ¿      NIMABIJIAN  {CaigÇeBÅ	Áa	cofÀsJ5Òæ~¹Ç^îN&æê¼=¬ú?7Ãß÷ä`pæÁ©ÆÛ¯çs÷HÔáWC]¤##]c]CCC+Sbô  /E" 400 -
[14/Jul/2021 13:52:38] "GET / HTTP/1.1" 200 11704
Not Found: /favicon.ico
[14/Jul/2021 13:52:38] "GET /favicon.ico HTTP/1.1" 404 2423
[14/Jul/2021 13:55:42] "HEAD / HTTP/1.1" 200 11704
[14/Jul/2021 13:55:42,415] - Broken pipe from ('110.8.126.151', 49691)

[14/Jul/2021 13:55:42] "GET / HTTP/1.1" 200 11704
[14/Jul/2021 13:55:54] "HEAD / HTTP/1.1" 200 11704
[14/Jul/2021 13:55:54,794] - Broken pipe from ('110.8.126.151', 57760)

[14/Jul/2021 13:55:54] "GET / HTTP/1.1" 200 11704
[14/Jul/2021 13:56:02] "GET /api/items/ HTTP/1.1" 200 6592
[14/Jul/2021 13:56:06] "GET /api/items/ HTTP/1.1" 200 6592
[14/Jul/2021 13:56:21] "GET /api/items/ HTTP/1.1" 200 6592
Not Found: /api/items/'/
[14/Jul/2021 13:58:13] "GET /api/items/'/ HTTP/1.1" 404 37
[14/Jul/2021 13:58:13] "GET /api/ HTTP/1.1" 200 49
